Connectivity_Robot/build/outputs/logs/manifest-merger-debug-report.txt
-- Merging decision tree log ---
manifest
ADDED from src/main/AndroidManifest.xml:2:1-29:12
INJECTED from src/main/AndroidManifest.xml:2:1-29:12
INJECTED from src/main/AndroidManifest.xml:2:1-29:12
INJECTED from src/main/AndroidManifest.xml:2:1-29:12
MERGED from [com.segway.robot:robot-connectivity-sdk:0.5.82] AndroidManifest.xml:2:1-16:12
MERGED from [com.android.support.constraint:constraint-layout:1.0.2] AndroidManifest.xml:2:1-11:12
MERGED from [com.segway.robot:visionsdk:0.6.124] AndroidManifest.xml:2:1-15:12
MERGED from [com.segway.robot:headsdk:0.6.119] AndroidManifest.xml:2:1-11:12
MERGED from [com.segway.robot:basesdk:0.6.119] AndroidManifest.xml:2:1-11:12
MERGED from [com.segway.robot:mobile-connectivity-sdk:0.5.82] AndroidManifest.xml:2:1-16:12
MERGED from [com.segway.robot:base-connectivity-sdk:0.5.82] AndroidManifest.xml:2:1-14:12
MERGED from [com.segway.robot:basic-class:0.5.74] AndroidManifest.xml:2:1-17:12
MERGED from [com.segway.robot:sdkbase:0.1.43] AndroidManifest.xml:2:1-13:12
INJECTED from src/main/AndroidManifest.xml:2:1-29:12
INJECTED from src/main/AndroidManifest.xml:2:1-29:12
INJECTED from src/main/AndroidManifest.xml:2:1-29:12
	package
		ADDED from src/main/AndroidManifest.xml:3:5-43
		INJECTED from src/main/AndroidManifest.xml
		INJECTED from src/main/AndroidManifest.xml
	android:versionName
		INJECTED from src/main/AndroidManifest.xml
		ADDED from src/main/AndroidManifest.xml:2:1-29:12
		INJECTED from src/main/AndroidManifest.xml
	android:versionCode
		INJECTED from src/main/AndroidManifest.xml
		ADDED from src/main/AndroidManifest.xml:2:1-29:12
		INJECTED from src/main/AndroidManifest.xml
	xmlns:android
		ADDED from src/main/AndroidManifest.xml:2:11-69
uses-permission#android.permission.INTERNET
ADDED from src/main/AndroidManifest.xml:5:5-67
MERGED from [com.segway.robot:robot-connectivity-sdk:0.5.82] AndroidManifest.xml:11:5-67
MERGED from [com.segway.robot:robot-connectivity-sdk:0.5.82] AndroidManifest.xml:11:5-67
MERGED from [com.segway.robot:mobile-connectivity-sdk:0.5.82] AndroidManifest.xml:11:5-67
MERGED from [com.segway.robot:mobile-connectivity-sdk:0.5.82] AndroidManifest.xml:11:5-67
	android:name
		ADDED from src/main/AndroidManifest.xml:5:22-64
uses-permission#android.permission.ACCESS_NETWORK_STATE
ADDED from src/main/AndroidManifest.xml:6:5-79
MERGED from [com.segway.robot:robot-connectivity-sdk:0.5.82] AndroidManifest.xml:12:5-79
MERGED from [com.segway.robot:robot-connectivity-sdk:0.5.82] AndroidManifest.xml:12:5-79
MERGED from [com.segway.robot:mobile-connectivity-sdk:0.5.82] AndroidManifest.xml:12:5-79
MERGED from [com.segway.robot:mobile-connectivity-sdk:0.5.82] AndroidManifest.xml:12:5-79
	android:name
		ADDED from src/main/AndroidManifest.xml:6:22-76
uses-permission#android.permission.ACCESS_WIFI_STATE
ADDED from src/main/AndroidManifest.xml:7:5-76
MERGED from [com.segway.robot:robot-connectivity-sdk:0.5.82] AndroidManifest.xml:13:5-76
MERGED from [com.segway.robot:robot-connectivity-sdk:0.5.82] AndroidManifest.xml:13:5-76
MERGED from [com.segway.robot:mobile-connectivity-sdk:0.5.82] AndroidManifest.xml:13:5-76
MERGED from [com.segway.robot:mobile-connectivity-sdk:0.5.82] AndroidManifest.xml:13:5-76
	android:name
		ADDED from src/main/AndroidManifest.xml:7:22-73
uses-permission#android.permission.CHANGE_WIFI_STATE
ADDED from src/main/AndroidManifest.xml:8:5-76
MERGED from [com.segway.robot:robot-connectivity-sdk:0.5.82] AndroidManifest.xml:14:5-76
MERGED from [com.segway.robot:robot-connectivity-sdk:0.5.82] AndroidManifest.xml:14:5-76
MERGED from [com.segway.robot:mobile-connectivity-sdk:0.5.82] AndroidManifest.xml:14:5-76
MERGED from [com.segway.robot:mobile-connectivity-sdk:0.5.82] AndroidManifest.xml:14:5-76
	android:name
		ADDED from src/main/AndroidManifest.xml:8:22-73
application
ADDED from src/main/AndroidManifest.xml:10:5-27:19
MERGED from [com.android.support.constraint:constraint-layout:1.0.2] AndroidManifest.xml:9:5-20
MERGED from [com.android.support.constraint:constraint-layout:1.0.2] AndroidManifest.xml:9:5-20
MERGED from [com.segway.robot:basic-class:0.5.74] AndroidManifest.xml:11:5-15:19
MERGED from [com.segway.robot:basic-class:0.5.74] AndroidManifest.xml:11:5-15:19
	android:supportsRtl
		ADDED from src/main/AndroidManifest.xml:14:9-35
	android:label
		ADDED from src/main/AndroidManifest.xml:13:9-41
	android:icon
		ADDED from src/main/AndroidManifest.xml:12:9-43
	android:allowBackup
		ADDED from src/main/AndroidManifest.xml:11:9-35
activity#com.segway.robot.robotsample.MainActivity
ADDED from src/main/AndroidManifest.xml:15:9-23:20
	android:screenOrientation
		ADDED from src/main/AndroidManifest.xml:17:13-50
	android:name
		ADDED from src/main/AndroidManifest.xml:16:13-69
intent-filter#android.intent.action.MAIN+android.intent.category.LAUNCHER
ADDED from src/main/AndroidManifest.xml:18:13-22:29
action#android.intent.action.MAIN
ADDED from src/main/AndroidManifest.xml:19:17-69
	android:name
		ADDED from src/main/AndroidManifest.xml:19:25-66
category#android.intent.category.LAUNCHER
ADDED from src/main/AndroidManifest.xml:21:17-77
	android:name
		ADDED from src/main/AndroidManifest.xml:21:27-74
meta-data#packageTo2
ADDED from src/main/AndroidManifest.xml:24:9-26:69
	android:value
		ADDED from src/main/AndroidManifest.xml:26:13-56
	android:name
		ADDED from src/main/AndroidManifest.xml:25:13-38
uses-sdk
INJECTED from src/main/AndroidManifest.xml reason: use-sdk injection requested
INJECTED from src/main/AndroidManifest.xml
INJECTED from src/main/AndroidManifest.xml
MERGED from [com.segway.robot:robot-connectivity-sdk:0.5.82] AndroidManifest.xml:7:5-9:41
MERGED from [com.segway.robot:robot-connectivity-sdk:0.5.82] AndroidManifest.xml:7:5-9:41
MERGED from [com.android.support.constraint:constraint-layout:1.0.2] AndroidManifest.xml:5:5-7:41
MERGED from [com.android.support.constraint:constraint-layout:1.0.2] AndroidManifest.xml:5:5-7:41
MERGED from [com.segway.robot:visionsdk:0.6.124] AndroidManifest.xml:7:5-9:41
MERGED from [com.segway.robot:visionsdk:0.6.124] AndroidManifest.xml:7:5-9:41
MERGED from [com.segway.robot:headsdk:0.6.119] AndroidManifest.xml:7:5-9:41
MERGED from [com.segway.robot:headsdk:0.6.119] AndroidManifest.xml:7:5-9:41
MERGED from [com.segway.robot:basesdk:0.6.119] AndroidManifest.xml:7:5-9:41
MERGED from [com.segway.robot:basesdk:0.6.119] AndroidManifest.xml:7:5-9:41
MERGED from [com.segway.robot:mobile-connectivity-sdk:0.5.82] AndroidManifest.xml:7:5-9:41
MERGED from [com.segway.robot:mobile-connectivity-sdk:0.5.82] AndroidManifest.xml:7:5-9:41
MERGED from [com.segway.robot:base-connectivity-sdk:0.5.82] AndroidManifest.xml:7:5-9:41
MERGED from [com.segway.robot:base-connectivity-sdk:0.5.82] AndroidManifest.xml:7:5-9:41
MERGED from [com.segway.robot:basic-class:0.5.74] AndroidManifest.xml:7:5-9:41
MERGED from [com.segway.robot:basic-class:0.5.74] AndroidManifest.xml:7:5-9:41
MERGED from [com.segway.robot:sdkbase:0.1.43] AndroidManifest.xml:7:5-9:41
MERGED from [com.segway.robot:sdkbase:0.1.43] AndroidManifest.xml:7:5-9:41
INJECTED from src/main/AndroidManifest.xml
INJECTED from src/main/AndroidManifest.xml
	android:targetSdkVersion
		INJECTED from src/main/AndroidManifest.xml
		ADDED from src/main/AndroidManifest.xml
		INJECTED from src/main/AndroidManifest.xml
	android:minSdkVersion
		INJECTED from src/main/AndroidManifest.xml
		ADDED from src/main/AndroidManifest.xml
		INJECTED from src/main/AndroidManifest.xml
uses-feature#android.hardware.camera
ADDED from [com.segway.robot:visionsdk:0.6.124] AndroidManifest.xml:11:5-60
	android:name
		ADDED from [com.segway.robot:visionsdk:0.6.124] AndroidManifest.xml:11:19-57
uses-permission#android.permission.CAMERA
ADDED from [com.segway.robot:visionsdk:0.6.124] AndroidManifest.xml:13:5-65
	android:name
		ADDED from [com.segway.robot:visionsdk:0.6.124] AndroidManifest.xml:13:22-62
uses-permission#android.permission.READ_EXTERNAL_STORAGE
ADDED from [com.segway.robot:base-connectivity-sdk:0.5.82] AndroidManifest.xml:11:5-80
	android:name
		ADDED from [com.segway.robot:base-connectivity-sdk:0.5.82] AndroidManifest.xml:11:22-77
uses-permission#android.permission.WRITE_EXTERNAL_STORAGE
ADDED from [com.segway.robot:base-connectivity-sdk:0.5.82] AndroidManifest.xml:12:5-81
MERGED from [com.segway.robot:sdkbase:0.1.43] AndroidManifest.xml:11:5-81
MERGED from [com.segway.robot:sdkbase:0.1.43] AndroidManifest.xml:11:5-81
	android:name
		ADDED from [com.segway.robot:base-connectivity-sdk:0.5.82] AndroidManifest.xml:12:22-78